<html>
<head>
<title>TestNG:  Test</title>
<link href="../testng.css" rel="stylesheet" type="text/css" />
<link href="../my-testng.css" rel="stylesheet" type="text/css" />

<style type="text/css">
.log { display: none;} 
.stack-trace { display: none;} 
</style>
<script type="text/javascript">
<!--
function flip(e) {
  current = e.style.display;
  if (current == 'block') {
    e.style.display = 'none';
    return 0;
  }
  else {
    e.style.display = 'block';
    return 1;
  }
}

function toggleBox(szDivId, elem, msg1, msg2)
{
  var res = -1;  if (document.getElementById) {
    res = flip(document.getElementById(szDivId));
  }
  else if (document.all) {
    // this is the way old msie versions work
    res = flip(document.all[szDivId]);
  }
  if(elem) {
    if(res == 0) elem.innerHTML = msg1; else elem.innerHTML = msg2;
  }

}

function toggleAllBoxes() {
  if (document.getElementsByTagName) {
    d = document.getElementsByTagName('div');
    for (i = 0; i < d.length; i++) {
      if (d[i].className == 'log') {
        flip(d[i]);
      }
    }
  }
}

// -->
</script>

</head>
<body>
<h2 align='center'>Test</h2><table border='1' align="center">
<tr>
<td>Tests passed/Failed/Skipped:</td><td>20/3/0</td>
</tr><tr>
<td>Started on:</td><td>Wed Dec 28 11:18:22 PKT 2022</td>
</tr>
<tr><td>Total time:</td><td>252 seconds (252549 ms)</td>
</tr><tr>
<td>Included groups:</td><td></td>
</tr><tr>
<td>Excluded groups:</td><td></td>
</tr>
</table><p/>
<small><i>(Hover the method name to see the test class name)</i></small><p/>
<table width='100%' border='1' class='invocation-failed'>
<tr><td colspan='4' align='center'><b>FAILED TESTS</b></td></tr>
<tr><td><b>Test method</b></td>
<td width="30%"><b>Exception</b></td>
<td width="10%"><b>Time (seconds)</b></td>
<td><b>Instance</b></td>
</tr>
<tr>
<td title='Test.Ancera.Administration.BarcodeManagement.AssignedSiteAppearance()'><b>AssignedSiteAppearance</b><br>Test class: Test.Ancera.Administration.BarcodeManagement<br>Test method: Test Case: Assign Sites Appearance</td>
<td><div><pre>java.lang.Error: Unresolved compilation problems: 
	The method getDriver() is undefined for the type UserManagementModel
	The method getDriver() is undefined for the type UserManagementModel
	The method getDriver() is undefined for the type UserManagementModel
	The method getDriver() is undefined for the type UserManagementModel
	The method getDriver() is undefined for the type UserManagementModel
	The method getDriver() is undefined for the type UserManagementModel
	The method getDriver() is undefined for the type UserManagementModel

	at Models.UserManagementModel.openEditUserPopup(UserManagementModel.java:24)
	at Test.Ancera.Administration.BarcodeManagement.AssignedSiteAppearance(BarcodeManagement.java:67)
	at java.base/java.util.concurrent.ThreadPoolExecutor.runWorker(ThreadPoolExecutor.java:1130)
	at java.base/java.util.concurrent.ThreadPoolExecutor$Worker.run(ThreadPoolExecutor.java:630)
	at java.base/java.lang.Thread.run(Thread.java:832)
... Removed 12 stack frames</pre></div><a href='#' onClick='toggleBox("stack-trace1321772897", this, "Click to show all stack frames", "Click to hide stack frames")'>Click to show all stack frames</a>
<div class='stack-trace' id='stack-trace1321772897'><pre>java.lang.Error: Unresolved compilation problems: 
	The method getDriver() is undefined for the type UserManagementModel
	The method getDriver() is undefined for the type UserManagementModel
	The method getDriver() is undefined for the type UserManagementModel
	The method getDriver() is undefined for the type UserManagementModel
	The method getDriver() is undefined for the type UserManagementModel
	The method getDriver() is undefined for the type UserManagementModel
	The method getDriver() is undefined for the type UserManagementModel

	at Models.UserManagementModel.openEditUserPopup(UserManagementModel.java:24)
	at Test.Ancera.Administration.BarcodeManagement.AssignedSiteAppearance(BarcodeManagement.java:67)
	at java.base/jdk.internal.reflect.NativeMethodAccessorImpl.invoke0(Native Method)
	at java.base/jdk.internal.reflect.NativeMethodAccessorImpl.invoke(NativeMethodAccessorImpl.java:64)
	at java.base/jdk.internal.reflect.DelegatingMethodAccessorImpl.invoke(DelegatingMethodAccessorImpl.java:43)
	at java.base/java.lang.reflect.Method.invoke(Method.java:564)
	at org.testng.internal.MethodInvocationHelper.invokeMethod(MethodInvocationHelper.java:132)
	at org.testng.internal.TestInvoker.invokeMethod(TestInvoker.java:599)
	at org.testng.internal.TestInvoker.invokeTestMethod(TestInvoker.java:174)
	at org.testng.internal.MethodRunner.runInSequence(MethodRunner.java:46)
	at org.testng.internal.TestInvoker$MethodInvocationAgent.invoke(TestInvoker.java:822)
	at org.testng.internal.TestInvoker.invokeTestMethods(TestInvoker.java:147)
	at org.testng.internal.TestMethodWorker.invokeTestMethods(TestMethodWorker.java:146)
	at org.testng.internal.TestMethodWorker.run(TestMethodWorker.java:128)
	at java.base/java.util.concurrent.ThreadPoolExecutor.runWorker(ThreadPoolExecutor.java:1130)
	at java.base/java.util.concurrent.ThreadPoolExecutor$Worker.run(ThreadPoolExecutor.java:630)
	at java.base/java.lang.Thread.run(Thread.java:832)
</pre></div></td>
<td>21</td>
<td>Test.Ancera.Administration.BarcodeManagement@4c1909a3</td></tr>
<tr>
<td title='Test.Ancera.MetaData.DataTemplateManagement.EndOfFlockColumnsVerification()'><b>EndOfFlockColumnsVerification</b><br>Test class: Test.Ancera.MetaData.DataTemplateManagement</td>
<td><div><pre>java.lang.NumberFormatException: For input string: &quot;&quot;
	at java.base/java.lang.NumberFormatException.forInputString(NumberFormatException.java:68)
	at java.base/java.lang.Integer.parseInt(Integer.java:662)
	at java.base/java.lang.Integer.parseInt(Integer.java:770)
	at Test.Ancera.MetaData.DataTemplateManagement.EndOfFlockColumnsVerification(DataTemplateManagement.java:832)
	at java.base/java.util.concurrent.ThreadPoolExecutor.runWorker(ThreadPoolExecutor.java:1130)
	at java.base/java.util.concurrent.ThreadPoolExecutor$Worker.run(ThreadPoolExecutor.java:630)
	at java.base/java.lang.Thread.run(Thread.java:832)
... Removed 12 stack frames</pre></div><a href='#' onClick='toggleBox("stack-trace1480480796", this, "Click to show all stack frames", "Click to hide stack frames")'>Click to show all stack frames</a>
<div class='stack-trace' id='stack-trace1480480796'><pre>java.lang.NumberFormatException: For input string: &quot;&quot;
	at java.base/java.lang.NumberFormatException.forInputString(NumberFormatException.java:68)
	at java.base/java.lang.Integer.parseInt(Integer.java:662)
	at java.base/java.lang.Integer.parseInt(Integer.java:770)
	at Test.Ancera.MetaData.DataTemplateManagement.EndOfFlockColumnsVerification(DataTemplateManagement.java:832)
	at java.base/jdk.internal.reflect.NativeMethodAccessorImpl.invoke0(Native Method)
	at java.base/jdk.internal.reflect.NativeMethodAccessorImpl.invoke(NativeMethodAccessorImpl.java:64)
	at java.base/jdk.internal.reflect.DelegatingMethodAccessorImpl.invoke(DelegatingMethodAccessorImpl.java:43)
	at java.base/java.lang.reflect.Method.invoke(Method.java:564)
	at org.testng.internal.MethodInvocationHelper.invokeMethod(MethodInvocationHelper.java:132)
	at org.testng.internal.TestInvoker.invokeMethod(TestInvoker.java:599)
	at org.testng.internal.TestInvoker.invokeTestMethod(TestInvoker.java:174)
	at org.testng.internal.MethodRunner.runInSequence(MethodRunner.java:46)
	at org.testng.internal.TestInvoker$MethodInvocationAgent.invoke(TestInvoker.java:822)
	at org.testng.internal.TestInvoker.invokeTestMethods(TestInvoker.java:147)
	at org.testng.internal.TestMethodWorker.invokeTestMethods(TestMethodWorker.java:146)
	at org.testng.internal.TestMethodWorker.run(TestMethodWorker.java:128)
	at java.base/java.util.concurrent.ThreadPoolExecutor.runWorker(ThreadPoolExecutor.java:1130)
	at java.base/java.util.concurrent.ThreadPoolExecutor$Worker.run(ThreadPoolExecutor.java:630)
	at java.base/java.lang.Thread.run(Thread.java:832)
</pre></div></td>
<td>12</td>
<td>Test.Ancera.MetaData.DataTemplateManagement@428640fa</td></tr>
<tr>
<td title='Test.Ancera.MetaData.DataTemplateManagement.VerifyClientMappingList()'><b>VerifyClientMappingList</b><br>Test class: Test.Ancera.MetaData.DataTemplateManagement</td>
<td><div><pre>java.lang.Error: Unresolved compilation problems: 
	The method getDriver() is undefined for the type UserManagementModel
	The method getDriver() is undefined for the type UserManagementModel
	The method getDriver() is undefined for the type UserManagementModel
	The method getDriver() is undefined for the type UserManagementModel
	The method getDriver() is undefined for the type UserManagementModel
	The method getDriver() is undefined for the type UserManagementModel
	The method getDriver() is undefined for the type UserManagementModel

	at Models.UserManagementModel.openEditUserPopup(UserManagementModel.java:24)
	at Test.Ancera.MetaData.DataTemplateManagement.VerifyClientMappingList(DataTemplateManagement.java:943)
	at java.base/java.util.concurrent.ThreadPoolExecutor.runWorker(ThreadPoolExecutor.java:1130)
	at java.base/java.util.concurrent.ThreadPoolExecutor$Worker.run(ThreadPoolExecutor.java:630)
	at java.base/java.lang.Thread.run(Thread.java:832)
... Removed 12 stack frames</pre></div><a href='#' onClick='toggleBox("stack-trace1288621067", this, "Click to show all stack frames", "Click to hide stack frames")'>Click to show all stack frames</a>
<div class='stack-trace' id='stack-trace1288621067'><pre>java.lang.Error: Unresolved compilation problems: 
	The method getDriver() is undefined for the type UserManagementModel
	The method getDriver() is undefined for the type UserManagementModel
	The method getDriver() is undefined for the type UserManagementModel
	The method getDriver() is undefined for the type UserManagementModel
	The method getDriver() is undefined for the type UserManagementModel
	The method getDriver() is undefined for the type UserManagementModel
	The method getDriver() is undefined for the type UserManagementModel

	at Models.UserManagementModel.openEditUserPopup(UserManagementModel.java:24)
	at Test.Ancera.MetaData.DataTemplateManagement.VerifyClientMappingList(DataTemplateManagement.java:943)
	at java.base/jdk.internal.reflect.NativeMethodAccessorImpl.invoke0(Native Method)
	at java.base/jdk.internal.reflect.NativeMethodAccessorImpl.invoke(NativeMethodAccessorImpl.java:64)
	at java.base/jdk.internal.reflect.DelegatingMethodAccessorImpl.invoke(DelegatingMethodAccessorImpl.java:43)
	at java.base/java.lang.reflect.Method.invoke(Method.java:564)
	at org.testng.internal.MethodInvocationHelper.invokeMethod(MethodInvocationHelper.java:132)
	at org.testng.internal.TestInvoker.invokeMethod(TestInvoker.java:599)
	at org.testng.internal.TestInvoker.invokeTestMethod(TestInvoker.java:174)
	at org.testng.internal.MethodRunner.runInSequence(MethodRunner.java:46)
	at org.testng.internal.TestInvoker$MethodInvocationAgent.invoke(TestInvoker.java:822)
	at org.testng.internal.TestInvoker.invokeTestMethods(TestInvoker.java:147)
	at org.testng.internal.TestMethodWorker.invokeTestMethods(TestMethodWorker.java:146)
	at org.testng.internal.TestMethodWorker.run(TestMethodWorker.java:128)
	at java.base/java.util.concurrent.ThreadPoolExecutor.runWorker(ThreadPoolExecutor.java:1130)
	at java.base/java.util.concurrent.ThreadPoolExecutor$Worker.run(ThreadPoolExecutor.java:630)
	at java.base/java.lang.Thread.run(Thread.java:832)
</pre></div></td>
<td>0</td>
<td>Test.Ancera.MetaData.DataTemplateManagement@428640fa</td></tr>
</table><p>
<table width='100%' border='1' class='invocation-passed'>
<tr><td colspan='4' align='center'><b>PASSED TESTS</b></td></tr>
<tr><td><b>Test method</b></td>
<td width="30%"><b>Exception</b></td>
<td width="10%"><b>Time (seconds)</b></td>
<td><b>Instance</b></td>
</tr>
<tr>
<td title='Test.Ancera.MetaData.DataTemplateManagement.ClmResetFieldCheck()'><b>ClmResetFieldCheck</b><br>Test class: Test.Ancera.MetaData.DataTemplateManagement<br>Test method: Exceptional Flow: Column Reset field check</td>
<td></td>
<td>4</td>
<td>Test.Ancera.MetaData.DataTemplateManagement@428640fa</td></tr>
<tr>
<td title='Test.Ancera.MetaData.DataTemplateManagement.CreateTemplate()'><b>CreateTemplate</b><br>Test class: Test.Ancera.MetaData.DataTemplateManagement<br>Test method: Test Case: Create Template Column</td>
<td></td>
<td>26</td>
<td>Test.Ancera.MetaData.DataTemplateManagement@428640fa</td></tr>
<tr>
<td title='Test.Ancera.MetaData.DataTemplateManagement.DeleteColumnTemplate()'><b>DeleteColumnTemplate</b><br>Test class: Test.Ancera.MetaData.DataTemplateManagement<br>Test method: Delete Column Template</td>
<td></td>
<td>3</td>
<td>Test.Ancera.MetaData.DataTemplateManagement@428640fa</td></tr>
<tr>
<td title='Test.Ancera.MetaData.DataTemplateManagement.DeleteTemplate()'><b>DeleteTemplate</b><br>Test class: Test.Ancera.MetaData.DataTemplateManagement<br>Test method: Test Case: Delete Template</td>
<td></td>
<td>12</td>
<td>Test.Ancera.MetaData.DataTemplateManagement@428640fa</td></tr>
<tr>
<td title='Test.Ancera.Administration.BarcodeManagement.ErrorOpeningPrintScreen()'><b>ErrorOpeningPrintScreen</b><br>Test class: Test.Ancera.Administration.BarcodeManagement<br>Test method: Test Case: Error Opening Print Screen</td>
<td></td>
<td>2</td>
<td>Test.Ancera.Administration.BarcodeManagement@4c1909a3</td></tr>
<tr>
<td title='Test.Ancera.MetaData.DataTemplateManagement.ExportTemplate()'><b>ExportTemplate</b><br>Test class: Test.Ancera.MetaData.DataTemplateManagement<br>Test method: Test Case: ExportTemplate</td>
<td></td>
<td>9</td>
<td>Test.Ancera.MetaData.DataTemplateManagement@428640fa</td></tr>
<tr>
<td title='Test.Ancera.Administration.BarcodeManagement.FilterFunctionality()'><b>FilterFunctionality</b><br>Test class: Test.Ancera.Administration.BarcodeManagement<br>Test method: Test Case: Filter Functionality</td>
<td></td>
<td>17</td>
<td>Test.Ancera.Administration.BarcodeManagement@4c1909a3</td></tr>
<tr>
<td title='Test.Ancera.MetaData.DataTemplateManagement.IdentificationColumnTest()'><b>IdentificationColumnTest</b><br>Test class: Test.Ancera.MetaData.DataTemplateManagement<br>Test method: Test Case: IdentificationColumn</td>
<td></td>
<td>15</td>
<td>Test.Ancera.MetaData.DataTemplateManagement@428640fa</td></tr>
<tr>
<td title='Test.Ancera.MetaData.DataTemplateManagement.InActivateTemplate()'><b>InActivateTemplate</b><br>Test class: Test.Ancera.MetaData.DataTemplateManagement<br>Test method: Test Case: Inactivate Template</td>
<td></td>
<td>24</td>
<td>Test.Ancera.MetaData.DataTemplateManagement@428640fa</td></tr>
<tr>
<td title='Test.Ancera.Administration.BarcodeManagement.Login()'><b>Login</b><br>Test class: Test.Ancera.Administration.BarcodeManagement</td>
<td></td>
<td>4</td>
<td>Test.Ancera.Administration.BarcodeManagement@4c1909a3</td></tr>
<tr>
<td title='Test.Ancera.MetaData.DataTemplateManagement.Login()'><b>Login</b><br>Test class: Test.Ancera.MetaData.DataTemplateManagement</td>
<td></td>
<td>4</td>
<td>Test.Ancera.MetaData.DataTemplateManagement@428640fa</td></tr>
<tr>
<td title='Test.Ancera.MetaData.DataTemplateManagement.MandatoryFieldCheck()'><b>MandatoryFieldCheck</b><br>Test class: Test.Ancera.MetaData.DataTemplateManagement<br>Test method: Exceptional Flow: Mandatory field check</td>
<td><div><pre>org.openqa.selenium.ElementNotInteractableException: element not interactable
  (Session info: chrome=108.0.5359.124)
Build info: version: &apos;4.1.2&apos;, revision: &apos;9a5a329c5a&apos;
System info: host: &apos;APL-LHR-JA0201&apos;, ip: &apos;172.26.0.1&apos;, os.name: &apos;Windows 10&apos;, os.arch: &apos;amd64&apos;, os.version: &apos;10.0&apos;, java.version: &apos;15.0.2&apos;
Driver info: org.openqa.selenium.chrome.ChromeDriver
Command: [acb7ca69126ddb679579c0cdb4435c46, sendKeysToElement {id=37bf1e87-3726-4d7e-bbfe-c0afe4098e14, value=[Ljava.lang.CharSequence;@7cf9318f}]
Capabilities {acceptInsecureCerts: false, browserName: chrome, browserVersion: 108.0.5359.124, chrome: {chromedriverVersion: 108.0.5359.71 (1e0e3868ee06..., userDataDir: C:\Users\JUNAID~1.ALA\AppDa...}, goog:chromeOptions: {debuggerAddress: localhost:62980}, javascriptEnabled: true, networkConnectionEnabled: false, pageLoadStrategy: normal, platform: WINDOWS, platformName: WINDOWS, proxy: Proxy(), se:cdp: ws://localhost:62980/devtoo..., se:cdpVersion: 108.0.5359.124, setWindowRect: true, strictFileInteractability: false, timeouts: {implicit: 0, pageLoad: 300000, script: 30000}, unhandledPromptBehavior: dismiss and notify, webauthn:extension:credBlob: true, webauthn:extension:largeBlob: true, webauthn:virtualAuthenticators: true}
Element: [[ChromeDriver: chrome on WINDOWS (acb7ca69126ddb679579c0cdb4435c46)] -&gt; id: colLengthId]
Session ID: acb7ca69126ddb679579c0cdb4435c46
	at org.openqa.selenium.remote.codec.w3c.W3CHttpResponseCodec.createException(W3CHttpResponseCodec.java:200)
	at org.openqa.selenium.remote.codec.w3c.W3CHttpResponseCodec.decode(W3CHttpResponseCodec.java:133)
	at org.openqa.selenium.remote.codec.w3c.W3CHttpResponseCodec.decode(W3CHttpResponseCodec.java:53)
	at org.openqa.selenium.remote.HttpCommandExecutor.execute(HttpCommandExecutor.java:184)
	at org.openqa.selenium.remote.service.DriverCommandExecutor.invokeExecute(DriverCommandExecutor.java:167)
	at org.openqa.selenium.remote.service.DriverCommandExecutor.execute(DriverCommandExecutor.java:142)
	at org.openqa.selenium.remote.RemoteWebDriver.execute(RemoteWebDriver.java:558)
	at org.openqa.selenium.remote.RemoteWebElement.execute(RemoteWebElement.java:251)
	at org.openqa.selenium.remote.RemoteWebElement.sendKeys(RemoteWebElement.java:107)
	at Test.Ancera.MetaData.DataTemplateManagement.MandatoryFieldCheck(DataTemplateManagement.java:256)
	at java.base/java.util.concurrent.ThreadPoolExecutor.runWorker(ThreadPoolExecutor.java:1130)
	at java.base/java.util.concurrent.ThreadPoolExecutor$Worker.run(ThreadPoolExecutor.java:630)
	at java.base/java.lang.Thread.run(Thread.java:832)
... Removed 17 stack frames</pre></div><a href='#' onClick='toggleBox("stack-trace1368785620", this, "Click to show all stack frames", "Click to hide stack frames")'>Click to show all stack frames</a>
<div class='stack-trace' id='stack-trace1368785620'><pre>org.openqa.selenium.ElementNotInteractableException: element not interactable
  (Session info: chrome=108.0.5359.124)
Build info: version: &apos;4.1.2&apos;, revision: &apos;9a5a329c5a&apos;
System info: host: &apos;APL-LHR-JA0201&apos;, ip: &apos;172.26.0.1&apos;, os.name: &apos;Windows 10&apos;, os.arch: &apos;amd64&apos;, os.version: &apos;10.0&apos;, java.version: &apos;15.0.2&apos;
Driver info: org.openqa.selenium.chrome.ChromeDriver
Command: [acb7ca69126ddb679579c0cdb4435c46, sendKeysToElement {id=37bf1e87-3726-4d7e-bbfe-c0afe4098e14, value=[Ljava.lang.CharSequence;@7cf9318f}]
Capabilities {acceptInsecureCerts: false, browserName: chrome, browserVersion: 108.0.5359.124, chrome: {chromedriverVersion: 108.0.5359.71 (1e0e3868ee06..., userDataDir: C:\Users\JUNAID~1.ALA\AppDa...}, goog:chromeOptions: {debuggerAddress: localhost:62980}, javascriptEnabled: true, networkConnectionEnabled: false, pageLoadStrategy: normal, platform: WINDOWS, platformName: WINDOWS, proxy: Proxy(), se:cdp: ws://localhost:62980/devtoo..., se:cdpVersion: 108.0.5359.124, setWindowRect: true, strictFileInteractability: false, timeouts: {implicit: 0, pageLoad: 300000, script: 30000}, unhandledPromptBehavior: dismiss and notify, webauthn:extension:credBlob: true, webauthn:extension:largeBlob: true, webauthn:virtualAuthenticators: true}
Element: [[ChromeDriver: chrome on WINDOWS (acb7ca69126ddb679579c0cdb4435c46)] -&gt; id: colLengthId]
Session ID: acb7ca69126ddb679579c0cdb4435c46
	at java.base/jdk.internal.reflect.NativeConstructorAccessorImpl.newInstance0(Native Method)
	at java.base/jdk.internal.reflect.NativeConstructorAccessorImpl.newInstance(NativeConstructorAccessorImpl.java:64)
	at java.base/jdk.internal.reflect.DelegatingConstructorAccessorImpl.newInstance(DelegatingConstructorAccessorImpl.java:45)
	at java.base/java.lang.reflect.Constructor.newInstanceWithCaller(Constructor.java:500)
	at java.base/java.lang.reflect.Constructor.newInstance(Constructor.java:481)
	at org.openqa.selenium.remote.codec.w3c.W3CHttpResponseCodec.createException(W3CHttpResponseCodec.java:200)
	at org.openqa.selenium.remote.codec.w3c.W3CHttpResponseCodec.decode(W3CHttpResponseCodec.java:133)
	at org.openqa.selenium.remote.codec.w3c.W3CHttpResponseCodec.decode(W3CHttpResponseCodec.java:53)
	at org.openqa.selenium.remote.HttpCommandExecutor.execute(HttpCommandExecutor.java:184)
	at org.openqa.selenium.remote.service.DriverCommandExecutor.invokeExecute(DriverCommandExecutor.java:167)
	at org.openqa.selenium.remote.service.DriverCommandExecutor.execute(DriverCommandExecutor.java:142)
	at org.openqa.selenium.remote.RemoteWebDriver.execute(RemoteWebDriver.java:558)
	at org.openqa.selenium.remote.RemoteWebElement.execute(RemoteWebElement.java:251)
	at org.openqa.selenium.remote.RemoteWebElement.sendKeys(RemoteWebElement.java:107)
	at Test.Ancera.MetaData.DataTemplateManagement.MandatoryFieldCheck(DataTemplateManagement.java:256)
	at java.base/jdk.internal.reflect.NativeMethodAccessorImpl.invoke0(Native Method)
	at java.base/jdk.internal.reflect.NativeMethodAccessorImpl.invoke(NativeMethodAccessorImpl.java:64)
	at java.base/jdk.internal.reflect.DelegatingMethodAccessorImpl.invoke(DelegatingMethodAccessorImpl.java:43)
	at java.base/java.lang.reflect.Method.invoke(Method.java:564)
	at org.testng.internal.MethodInvocationHelper.invokeMethod(MethodInvocationHelper.java:132)
	at org.testng.internal.TestInvoker.invokeMethod(TestInvoker.java:599)
	at org.testng.internal.TestInvoker.invokeTestMethod(TestInvoker.java:174)
	at org.testng.internal.MethodRunner.runInSequence(MethodRunner.java:46)
	at org.testng.internal.TestInvoker$MethodInvocationAgent.invoke(TestInvoker.java:822)
	at org.testng.internal.TestInvoker.invokeTestMethods(TestInvoker.java:147)
	at org.testng.internal.TestMethodWorker.invokeTestMethods(TestMethodWorker.java:146)
	at org.testng.internal.TestMethodWorker.run(TestMethodWorker.java:128)
	at java.base/java.util.concurrent.ThreadPoolExecutor.runWorker(ThreadPoolExecutor.java:1130)
	at java.base/java.util.concurrent.ThreadPoolExecutor$Worker.run(ThreadPoolExecutor.java:630)
	at java.base/java.lang.Thread.run(Thread.java:832)
</pre></div></td>
<td>49</td>
<td>Test.Ancera.MetaData.DataTemplateManagement@428640fa</td></tr>
<tr>
<td title='Test.Ancera.MetaData.DataTemplateManagement.Navigate()'><b>Navigate</b><br>Test class: Test.Ancera.MetaData.DataTemplateManagement</td>
<td></td>
<td>17</td>
<td>Test.Ancera.MetaData.DataTemplateManagement@428640fa</td></tr>
<tr>
<td title='Test.Ancera.Administration.BarcodeManagement.NavigateBarcodeManagement()'><b>NavigateBarcodeManagement</b><br>Test class: Test.Ancera.Administration.BarcodeManagement<br>Test method: Test Case: Navigate to Barcode Management Screen</td>
<td></td>
<td>14</td>
<td>Test.Ancera.Administration.BarcodeManagement@4c1909a3</td></tr>
<tr>
<td title='Test.Ancera.Administration.BarcodeManagement.OpenPrintScreen()'><b>OpenPrintScreen</b><br>Test class: Test.Ancera.Administration.BarcodeManagement<br>Test method: Test Case: Open print screen</td>
<td></td>
<td>9</td>
<td>Test.Ancera.Administration.BarcodeManagement@4c1909a3</td></tr>
<tr>
<td title='Test.Ancera.MetaData.DataTemplateManagement.ResetFieldCheck()'><b>ResetFieldCheck</b><br>Test class: Test.Ancera.MetaData.DataTemplateManagement<br>Test method: Exceptional Flow: Reset field check</td>
<td></td>
<td>7</td>
<td>Test.Ancera.MetaData.DataTemplateManagement@428640fa</td></tr>
<tr>
<td title='Test.Ancera.MetaData.DataTemplateManagement.UpdateTemplate()'><b>UpdateTemplate</b><br>Test class: Test.Ancera.MetaData.DataTemplateManagement<br>Test method: Update Template</td>
<td></td>
<td>12</td>
<td>Test.Ancera.MetaData.DataTemplateManagement@428640fa</td></tr>
<tr>
<td title='Test.Ancera.MetaData.DataTemplateManagement.UpdateTemplateColumn()'><b>UpdateTemplateColumn</b><br>Test class: Test.Ancera.MetaData.DataTemplateManagement<br>Test method: Test Case: Update Template Column</td>
<td></td>
<td>8</td>
<td>Test.Ancera.MetaData.DataTemplateManagement@428640fa</td></tr>
<tr>
<td title='Test.Ancera.MetaData.DataTemplateManagement.VerifyClientMappingPopup()'><b>VerifyClientMappingPopup</b><br>Test class: Test.Ancera.MetaData.DataTemplateManagement</td>
<td></td>
<td>2</td>
<td>Test.Ancera.MetaData.DataTemplateManagement@428640fa</td></tr>
<tr>
<td title='Test.Ancera.MetaData.DataTemplateManagement.VerifyClientUploadScreen()'><b>VerifyClientUploadScreen</b><br>Test class: Test.Ancera.MetaData.DataTemplateManagement</td>
<td></td>
<td>14</td>
<td>Test.Ancera.MetaData.DataTemplateManagement@428640fa</td></tr>
</table><p>
</body>
</html>