<?xml version="1.0" encoding="UTF-8"?>
<!-- Generated by org.testng.reporters.JUnitXMLReporter -->
<testsuite hostname="LAPTOP-O6K4VQH7" ignored="5" name="Salmonella" tests="9" failures="0" timestamp="2020-12-15T13:32:37 PKT" time="92.704" errors="0">
  <testcase name="@BeforeTest extent" time="60.276" classname="Test.Ancera.Reports.ExternalCoccidia">
    <failure type="org.openqa.selenium.TimeoutException" message="Expected condition failed: waiting for visibility of element located by By.xpath: /html/body/app-root/div[1]/app-sign-in/div/div[1]/div/div[3]/form/div[1]/div[2]/input (tried for 40 second(s) with 500 milliseconds interval)">
      <![CDATA[org.openqa.selenium.TimeoutException: Expected condition failed: waiting for visibility of element located by By.xpath: /html/body/app-root/div[1]/app-sign-in/div/div[1]/div/div[3]/form/div[1]/div[2]/input (tried for 40 second(s) with 500 milliseconds interval)
at org.openqa.selenium.support.ui.WebDriverWait.timeoutException(WebDriverWait.java:95)
at org.openqa.selenium.support.ui.FluentWait.until(FluentWait.java:272)
at Test.Ancera.ConfigureLogin.login(ConfigureLogin.java:24)
at Test.Ancera.Reports.ExternalCoccidia.extent(ExternalCoccidia.java:53)
Caused by: org.openqa.selenium.NoSuchElementException: no such element: Unable to locate element: {"method":"xpath","selector":"/html/body/app-root/div[1]/app-sign-in/div/div[1]/div/div[3]/form/div[1]/div[2]/input"}
  (Session info: chrome=86.0.4240.198)
For documentation on this error, please visit: https://www.seleniumhq.org/exceptions/no_such_element.html
Build info: version: '3.141.59', revision: 'e82be7d358', time: '2018-11-14T08:17:03'
System info: host: 'LAPTOP-O6K4VQH7', ip: '192.168.19.111', os.name: 'Windows 10', os.arch: 'amd64', os.version: '10.0', java.version: '1.8.0_231'
Driver info: org.openqa.selenium.chrome.ChromeDriver
Capabilities {acceptInsecureCerts: false, browserName: chrome, browserVersion: 86.0.4240.198, chrome: {chromedriverVersion: 86.0.4240.22 (398b0743353ff..., userDataDir: C:\Users\MUHAMM~1\AppData\L...}, goog:chromeOptions: {debuggerAddress: localhost:62237}, javascriptEnabled: true, networkConnectionEnabled: false, pageLoadStrategy: normal, platform: WINDOWS, platformName: WINDOWS, proxy: Proxy(), setWindowRect: true, strictFileInteractability: false, timeouts: {implicit: 0, pageLoad: 300000, script: 30000}, unhandledPromptBehavior: dismiss and notify, webauthn:virtualAuthenticators: true}
Session ID: cb6cb3ee7e699a0e2f9dc13b7f53bd5c
*** Element info: {Using=xpath, value=/html/body/app-root/div[1]/app-sign-in/div/div[1]/div/div[3]/form/div[1]/div[2]/input}
at org.openqa.selenium.remote.http.W3CHttpResponseCodec.createException(W3CHttpResponseCodec.java:187)
at org.openqa.selenium.remote.http.W3CHttpResponseCodec.decode(W3CHttpResponseCodec.java:122)
at org.openqa.selenium.remote.http.W3CHttpResponseCodec.decode(W3CHttpResponseCodec.java:49)
at org.openqa.selenium.remote.HttpCommandExecutor.execute(HttpCommandExecutor.java:158)
at org.openqa.selenium.remote.service.DriverCommandExecutor.execute(DriverCommandExecutor.java:83)
at org.openqa.selenium.remote.RemoteWebDriver.execute(RemoteWebDriver.java:552)
at org.openqa.selenium.remote.RemoteWebDriver.findElement(RemoteWebDriver.java:323)
at org.openqa.selenium.remote.RemoteWebDriver.findElementByXPath(RemoteWebDriver.java:428)
at org.openqa.selenium.By$ByXPath.findElement(By.java:353)
at org.openqa.selenium.remote.RemoteWebDriver.findElement(RemoteWebDriver.java:315)
at org.openqa.selenium.support.ui.ExpectedConditions$7.apply(ExpectedConditions.java:205)
at org.openqa.selenium.support.ui.ExpectedConditions$7.apply(ExpectedConditions.java:201)
at org.openqa.selenium.support.ui.FluentWait.until(FluentWait.java:249)
... 26 more
... Removed 27 stack frames]]>
    </failure>
  </testcase> <!-- @BeforeTest extent -->
  <testcase name="@AfterMethod saveResult" time="-1.60802115695E9" classname="Test.Ancera.Reports.ExternalCoccidia">
    <skipped/>
  </testcase> <!-- @AfterMethod saveResult -->
  <testcase name="@AfterMethod saveResult" time="-1.608021156957E9" classname="Test.Ancera.Reports.ExternalCoccidia">
    <skipped/>
  </testcase> <!-- @AfterMethod saveResult -->
  <testcase name="@AfterMethod saveResult" time="-1.608021156964E9" classname="Test.Ancera.Reports.ExternalCoccidia">
    <skipped/>
  </testcase> <!-- @AfterMethod saveResult -->
  <testcase name="@AfterMethod saveResult" time="-1.608021156973E9" classname="Test.Ancera.Reports.ExternalCoccidia">
    <skipped/>
  </testcase> <!-- @AfterMethod saveResult -->
  <testcase name="@AfterMethod saveResult" time="-1.608021156984E9" classname="Test.Ancera.Reports.ExternalCoccidia">
    <skipped/>
  </testcase> <!-- @AfterMethod saveResult -->
  <testcase name="@AfterMethod saveResult" time="-1.608021156991E9" classname="Test.Ancera.Reports.ExternalCoccidia">
    <skipped/>
  </testcase> <!-- @AfterMethod saveResult -->
  <testcase name="@AfterMethod saveResult" time="-1.608021157002E9" classname="Test.Ancera.Reports.ExternalCoccidia">
    <skipped/>
  </testcase> <!-- @AfterMethod saveResult -->
  <testcase name="@AfterTest endreport" time="-1.608021157007E9" classname="Test.Ancera.Reports.CoccidiaLog">
    <skipped/>
  </testcase> <!-- @AfterTest endreport -->
  <testcase name="@AfterTest endreport" time="-1.60802115701E9" classname="Test.Ancera.Reports.ExternalCoccidia">
    <skipped/>
  </testcase> <!-- @AfterTest endreport -->
  <testcase name="NavigateCoccidia" time="0.0" classname="Test.Ancera.Reports.CoccidiaLog">
    <skipped/>
  </testcase> <!-- NavigateCoccidia -->
  <testcase name="RunAPI" time="0.0" classname="Test.Ancera.Reports.ExternalCoccidia">
    <skipped/>
  </testcase> <!-- RunAPI -->
  <testcase name="SearchFilter" time="0.0" classname="Test.Ancera.Reports.CoccidiaLog">
    <skipped/>
  </testcase> <!-- SearchFilter -->
  <testcase name="NavigateCoccidia" time="0.0" classname="Test.Ancera.Reports.ExternalCoccidia">
    <skipped/>
  </testcase> <!-- NavigateCoccidia -->
  <testcase name="SearchFilter" time="0.0" classname="Test.Ancera.Reports.ExternalCoccidia">
    <skipped/>
  </testcase> <!-- SearchFilter -->
  <testcase name="CoccidiaLock" time="0.0" classname="Test.Ancera.Reports.ExternalCoccidia">
    <skipped/>
  </testcase> <!-- CoccidiaLock -->
  <testcase name="PNGExport" time="0.0" classname="Test.Ancera.Reports.ExternalCoccidia">
    <skipped/>
  </testcase> <!-- PNGExport -->
  <testcase name="CSVExport" time="0.0" classname="Test.Ancera.Reports.ExternalCoccidia">
    <skipped/>
  </testcase> <!-- CSVExport -->
  <testcase name="TemplateExport" time="0.0" classname="Test.Ancera.Reports.ExternalCoccidia">
    <skipped/>
  </testcase> <!-- TemplateExport -->
  <testcase name="TemplateExport" time="0.0" classname="Test.Ancera.Reports.CoccidiaLog">
    <ignored/>
  </testcase> <!-- TemplateExport -->
  <testcase name="PNGExport" time="0.0" classname="Test.Ancera.Reports.CoccidiaLog">
    <ignored/>
  </testcase> <!-- PNGExport -->
  <testcase name="CSVExport" time="0.0" classname="Test.Ancera.Reports.CoccidiaLog">
    <ignored/>
  </testcase> <!-- CSVExport -->
  <testcase name="RunAPI" time="0.0" classname="Test.Ancera.Reports.CoccidiaLog">
    <ignored/>
  </testcase> <!-- RunAPI -->
  <testcase name="CoccidiaLock" time="0.0" classname="Test.Ancera.Reports.CoccidiaLog">
    <ignored/>
  </testcase> <!-- CoccidiaLock -->
</testsuite> <!-- Salmonella -->
